<?xml version="1.0" encoding="UTF-8"?>
<!-- Generated by org.testng.reporters.JUnitReportReporter -->
<testsuite hostname="DESKTOP-07TKKTN" failures="0" tests="2" name="com.sgtesting.tests.TestCases" time="0.008" errors="0" timestamp="2022-09-22T10:43:49 IST" skipped="0">
  <testcase classname="com.sgtesting.tests.TestCases" name="method1" time="0.006"/>
  <system-out/>
  <testcase classname="com.sgtesting.tests.TestCases" name="method2" time="0.002"/>
  <system-out/>
</testsuite> <!-- com.sgtesting.tests.TestCases -->
